2023-03-01 16:25:04 [main] feign.slf4j.Slf4jLogger.log()
DEBUG: [GeoLocator#getGeoLocation] ---> GET https://reallyfreegeoip.org/json HTTP/1.1
2023-03-01 16:25:04 [main] feign.slf4j.Slf4jLogger.log()
DEBUG: [GeoLocator#getGeoLocation] ---> END HTTP (0-byte body)
2023-03-01 16:25:07 [main] feign.slf4j.Slf4jLogger.log()
DEBUG: [GeoLocator#getGeoLocation] <--- HTTP/1.1 200 OK (2190ms)
2023-03-01 16:25:07 [main] feign.slf4j.Slf4jLogger.log()
DEBUG: [GeoLocator#getGeoLocation] access-control-allow-origin: *
2023-03-01 16:25:07 [main] feign.slf4j.Slf4jLogger.log()
DEBUG: [GeoLocator#getGeoLocation] alt-svc: h3=":443"; ma=86400, h3-29=":443"; ma=86400
2023-03-01 16:25:07 [main] feign.slf4j.Slf4jLogger.log()
DEBUG: [GeoLocator#getGeoLocation] cf-cache-status: DYNAMIC
2023-03-01 16:25:07 [main] feign.slf4j.Slf4jLogger.log()
DEBUG: [GeoLocator#getGeoLocation] cf-ray: 7a12691e4ff1c2d9-VIE
2023-03-01 16:25:07 [main] feign.slf4j.Slf4jLogger.log()
DEBUG: [GeoLocator#getGeoLocation] connection: keep-alive
2023-03-01 16:25:07 [main] feign.slf4j.Slf4jLogger.log()
DEBUG: [GeoLocator#getGeoLocation] content-length: 236
2023-03-01 16:25:07 [main] feign.slf4j.Slf4jLogger.log()
DEBUG: [GeoLocator#getGeoLocation] content-type: application/json
2023-03-01 16:25:07 [main] feign.slf4j.Slf4jLogger.log()
DEBUG: [GeoLocator#getGeoLocation] date: Wed, 01 Mar 2023 15:25:06 GMT
2023-03-01 16:25:07 [main] feign.slf4j.Slf4jLogger.log()
DEBUG: [GeoLocator#getGeoLocation] nel: {"success_fraction":0,"report_to":"cf-nel","max_age":604800}
2023-03-01 16:25:07 [main] feign.slf4j.Slf4jLogger.log()
DEBUG: [GeoLocator#getGeoLocation] report-to: {"endpoints":[{"url":"https:\/\/a.nel.cloudflare.com\/report\/v3?s=l2XrrTjxi8HnWygr7E7JOzbrXMYhwc2ggByz%2FFSaMw3XrHcvKOgFro3P1yYE0cj8lTcDp1NWmx372HaUGZ5W2F5iKQavNu%2B7GiW%2Bc%2BI%2FYRga%2FizV24FGLIUHOMIKVeyb0Q1wbn0A"}],"group":"cf-nel","max_age":604800}
2023-03-01 16:25:07 [main] feign.slf4j.Slf4jLogger.log()
DEBUG: [GeoLocator#getGeoLocation] server: cloudflare
2023-03-01 16:25:07 [main] feign.slf4j.Slf4jLogger.log()
DEBUG: [GeoLocator#getGeoLocation] 
2023-03-01 16:25:07 [main] feign.slf4j.Slf4jLogger.log()
DEBUG: [GeoLocator#getGeoLocation] {"ip":"193.6.168.193","country_code":"HU","country_name":"Hungary","region_code":"HB","region_name":"Hajdú-Bihar","city":"Debrecen","zip_code":"4032","time_zone":"Europe/Budapest","latitude":47.5304,"longitude":21.6279,"metro_code":0}

2023-03-01 16:25:07 [main] feign.slf4j.Slf4jLogger.log()
DEBUG: [GeoLocator#getGeoLocation] <--- END HTTP (236-byte body)
