2023-02-26 14:28:53 [main] feign.slf4j.Slf4jLogger.log()
DEBUG: [GeoLocator#getGeoLocation] ---> GET https://reallyfreegeoip.org/json HTTP/1.1
2023-02-26 14:28:53 [main] feign.slf4j.Slf4jLogger.log()
DEBUG: [GeoLocator#getGeoLocation] ---> END HTTP (0-byte body)
2023-02-26 14:28:54 [main] feign.slf4j.Slf4jLogger.log()
DEBUG: [GeoLocator#getGeoLocation] <--- HTTP/1.1 200 OK (1079ms)
2023-02-26 14:28:54 [main] feign.slf4j.Slf4jLogger.log()
DEBUG: [GeoLocator#getGeoLocation] access-control-allow-origin: *
2023-02-26 14:28:54 [main] feign.slf4j.Slf4jLogger.log()
DEBUG: [GeoLocator#getGeoLocation] alt-svc: h3=":443"; ma=86400, h3-29=":443"; ma=86400
2023-02-26 14:28:54 [main] feign.slf4j.Slf4jLogger.log()
DEBUG: [GeoLocator#getGeoLocation] cf-cache-status: DYNAMIC
2023-02-26 14:28:54 [main] feign.slf4j.Slf4jLogger.log()
DEBUG: [GeoLocator#getGeoLocation] cf-ray: 79f906cb5be00e18-AMS
2023-02-26 14:28:54 [main] feign.slf4j.Slf4jLogger.log()
DEBUG: [GeoLocator#getGeoLocation] connection: keep-alive
2023-02-26 14:28:54 [main] feign.slf4j.Slf4jLogger.log()
DEBUG: [GeoLocator#getGeoLocation] content-length: 235
2023-02-26 14:28:54 [main] feign.slf4j.Slf4jLogger.log()
DEBUG: [GeoLocator#getGeoLocation] content-type: application/json
2023-02-26 14:28:54 [main] feign.slf4j.Slf4jLogger.log()
DEBUG: [GeoLocator#getGeoLocation] date: Sun, 26 Feb 2023 13:28:54 GMT
2023-02-26 14:28:54 [main] feign.slf4j.Slf4jLogger.log()
DEBUG: [GeoLocator#getGeoLocation] nel: {"success_fraction":0,"report_to":"cf-nel","max_age":604800}
2023-02-26 14:28:54 [main] feign.slf4j.Slf4jLogger.log()
DEBUG: [GeoLocator#getGeoLocation] report-to: {"endpoints":[{"url":"https:\/\/a.nel.cloudflare.com\/report\/v3?s=8tQyq4DkJNSRqPmybs9KK2HH9mLaljnazkMzv9TTIDO5sy7XGNMkfh%2BOjxaE5vT2Fet5d9zUDd6sB9KUyGl1FOf%2BnCirLleCFM%2FgGR8%2B4yfzgJthglHdAd%2BbgHsqQvHQvZ0h596y"}],"group":"cf-nel","max_age":604800}
2023-02-26 14:28:54 [main] feign.slf4j.Slf4jLogger.log()
DEBUG: [GeoLocator#getGeoLocation] server: cloudflare
2023-02-26 14:28:54 [main] feign.slf4j.Slf4jLogger.log()
DEBUG: [GeoLocator#getGeoLocation] 
2023-02-26 14:28:54 [main] feign.slf4j.Slf4jLogger.log()
DEBUG: [GeoLocator#getGeoLocation] {"ip":"87.97.32.226","country_code":"HU","country_name":"Hungary","region_code":"PE","region_name":"Pest megye","city":"Gödöllő","zip_code":"2100","time_zone":"Europe/Budapest","latitude":47.5966,"longitude":19.3552,"metro_code":0}

2023-02-26 14:28:54 [main] feign.slf4j.Slf4jLogger.log()
DEBUG: [GeoLocator#getGeoLocation] <--- END HTTP (235-byte body)
